<?xml version="1.0" encoding="UTF-8"?>
<!-- Generated by org.testng.reporters.JUnitReportReporter -->
<testsuite skipped="0" hostname="asda1712po02529" name="NATgeo.mygeo.AppTest" tests="1" failures="0" timestamp="10 Jul 2017 12:22:13 GMT" time="0.001" errors="0">
  <testcase name="testApp" time="0.001" classname="NATgeo.mygeo.AppTest"/>
</testsuite> <!-- NATgeo.mygeo.AppTest -->
