<?xml version="1.0" encoding="UTF-8"?>
<!-- Generated by org.testng.reporters.JUnitReportReporter -->
<testsuite skipped="0" hostname="asda1712po02529" name="Tests.JavaSciptTest.ByJavaScript" tests="3" failures="0" timestamp="01 Aug 2017 06:31:20 GMT" time="10.710" errors="0">
  <testcase name="TestB_user_login_check" time="1.799" classname="Tests.JavaSciptTest.ByJavaScript"/>
  <testcase name="TestA_user_invalid_login_check" time="6.814" classname="Tests.JavaSciptTest.ByJavaScript"/>
  <testcase name="TestC_user_logout_check" time="2.097" classname="Tests.JavaSciptTest.ByJavaScript"/>
</testsuite> <!-- Tests.JavaSciptTest.ByJavaScript -->
