<?xml version="1.0" encoding="UTF-8"?>
<!-- Generated by org.testng.reporters.JUnitReportReporter -->
<testsuite skipped="0" hostname="asda1712po02529" name="Tests.DataProviders.DataProviderT" tests="3" failures="0" timestamp="31 Jul 2017 13:22:23 GMT" time="0.010" errors="0">
  <testcase name="testMethod" time="0.002" classname="Tests.DataProviders.DataProviderT"/>
  <testcase name="testMethoa" time="0.001" classname="Tests.DataProviders.DataProviderT"/>
  <testcase name="testMethoa" time="0.007" classname="Tests.DataProviders.DataProviderT"/>
</testsuite> <!-- Tests.DataProviders.DataProviderT -->
