<?xml version="1.0" encoding="UTF-8"?>
<!-- Generated by org.testng.reporters.JUnitReportReporter -->
<testsuite skipped="0" hostname="asda1712po02529" name="Tests.FactoryTest.FactoryTest" tests="10" failures="0" timestamp="28 Jul 2017 09:36:53 GMT" time="0.017" errors="0">
  <testcase name="testMethodTwo" time="0.001" classname="Tests.FactoryTest.FactoryTest"/>
  <testcase name="testMethodTwo" time="0.001" classname="Tests.FactoryTest.FactoryTest"/>
  <testcase name="testMethodOne" time="0.000" classname="Tests.FactoryTest.FactoryTest"/>
  <testcase name="testMethodTwo" time="0.001" classname="Tests.FactoryTest.FactoryTest"/>
  <testcase name="testMethodOne" time="0.000" classname="Tests.FactoryTest.FactoryTest"/>
  <testcase name="testMethodOne" time="0.001" classname="Tests.FactoryTest.FactoryTest"/>
  <testcase name="testMethodOne" time="0.000" classname="Tests.FactoryTest.FactoryTest"/>
  <testcase name="testMethodTwo" time="0.001" classname="Tests.FactoryTest.FactoryTest"/>
  <testcase name="testMethodTwo" time="0.001" classname="Tests.FactoryTest.FactoryTest"/>
  <testcase name="testMethodOne" time="0.011" classname="Tests.FactoryTest.FactoryTest"/>
</testsuite> <!-- Tests.FactoryTest.FactoryTest -->
