<?xml version="1.0" encoding="UTF-8"?>
<!-- Generated by org.testng.reporters.JUnitReportReporter -->
<testsuite skipped="0" hostname="asda1712po02529" name="NATgeo.mygeo.Test1" tests="1" failures="0" timestamp="07 Jul 2017 03:54:23 GMT" time="4.138" errors="0">
  <testcase name="TestA_user_login_check" time="4.138" classname="NATgeo.mygeo.Test1"/>
</testsuite> <!-- NATgeo.mygeo.Test1 -->
