<?xml version="1.0" encoding="UTF-8"?>
<!-- Generated by org.testng.reporters.JUnitReportReporter -->
<testsuite skipped="0" hostname="asda1712po02529" name="Tests.gmail.JustCheck" tests="1" failures="0" timestamp="20 Jul 2017 05:38:41 GMT" time="7.607" errors="0">
  <testcase name="just_check" time="7.607" classname="Tests.gmail.JustCheck"/>
</testsuite> <!-- Tests.gmail.JustCheck -->
