<?xml version="1.0" encoding="UTF-8"?>
<!-- Generated by org.testng.reporters.JUnitReportReporter -->
<testsuite skipped="0" hostname="asda1712po02529" name="Tests.JavaSciptTest.ByJavaScript" tests="1" failures="0" timestamp="31 Jul 2017 13:59:22 GMT" time="5.110" errors="0">
  <testcase name="TestA_user_invalid_login_check" time="5.110" classname="Tests.JavaSciptTest.ByJavaScript"/>
</testsuite> <!-- Tests.JavaSciptTest.ByJavaScript -->
