<?xml version="1.0" encoding="UTF-8"?>
<!-- Generated by org.testng.reporters.JUnitReportReporter -->
<testsuite skipped="0" hostname="asda1712po02529" name="Tests.Login.LoginTest" tests="3" failures="0" timestamp="24 Jul 2017 06:55:33 GMT" time="7.953" errors="0">
  <testcase name="TestA_user_invalid_login_check" time="4.296" classname="Tests.Login.LoginTest"/>
  <testcase name="TestC_user_logout_check" time="2.032" classname="Tests.Login.LoginTest"/>
  <testcase name="TestB_user_login_check" time="1.625" classname="Tests.Login.LoginTest"/>
</testsuite> <!-- Tests.Login.LoginTest -->
