<?xml version="1.0" encoding="UTF-8"?>
<!-- Generated by org.testng.reporters.JUnitReportReporter -->
<testsuite skipped="0" hostname="asda1712po02529" name="Tests.Login.LoginTest" tests="6" failures="0" timestamp="18 Jul 2017 09:54:43 GMT" time="20.871" errors="0">
  <testcase name="TestA_user_invalid_login_check" time="8.117" classname="Tests.Login.LoginTest"/>
  <testcase name="TestB_user_login_check" time="1.854" classname="Tests.Login.LoginTest"/>
  <testcase name="TestC_user_logout_check" time="1.733" classname="Tests.Login.LoginTest"/>
  <testcase name="TestB_user_login_check" time="1.856" classname="Tests.Login.LoginTest"/>
  <testcase name="TestC_user_logout_check" time="1.219" classname="Tests.Login.LoginTest"/>
  <testcase name="TestA_user_invalid_login_check" time="6.092" classname="Tests.Login.LoginTest"/>
</testsuite> <!-- Tests.Login.LoginTest -->
