<?xml version="1.0" encoding="UTF-8"?>
<!-- Generated by org.testng.reporters.JUnitReportReporter -->
<testsuite skipped="0" hostname="USER-PC" name="Tests.Google_Get_Access.GetAccessKey" tests="1" failures="0" timestamp="22 Jul 2017 18:55:13 GMT" time="17.515" errors="0">
  <testcase name="testHeya" time="17.515" classname="Tests.Google_Get_Access.GetAccessKey"/>
</testsuite> <!-- Tests.Google_Get_Access.GetAccessKey -->
