<?xml version="1.0" encoding="UTF-8"?>
<!-- Generated by org.testng.reporters.JUnitReportReporter -->
<testsuite skipped="0" hostname="USER-PC" name="Tests.Login.LoginTest" tests="3" failures="0" timestamp="18 Jul 2017 02:07:55 GMT" time="21.720" errors="0">
  <testcase name="TestC_user_logout_check" time="2.279" classname="Tests.Login.LoginTest"/>
  <testcase name="TestB_user_login_check" time="9.035" classname="Tests.Login.LoginTest"/>
  <testcase name="TestA_user_invalid_login_check" time="10.406" classname="Tests.Login.LoginTest"/>
</testsuite> <!-- Tests.Login.LoginTest -->
