<?xml version="1.0" encoding="UTF-8"?>
<!-- Generated by org.testng.reporters.JUnitReportReporter -->
<testsuite skipped="0" hostname="asda1712po02529" name="Tests.Login.Test3.Testt" tests="1" failures="0" timestamp="17 Jul 2017 06:55:47 GMT" time="0.007" errors="0">
  <testcase name="print" time="0.007" classname="Tests.Login.Test3.Testt"/>
</testsuite> <!-- Tests.Login.Test3.Testt -->
