<?xml version="1.0" encoding="UTF-8"?>
<!-- Generated by org.testng.reporters.JUnitReportReporter -->
<testsuite skipped="0" hostname="asda1712po02529" name="NATgeo.mygeo.Test1" tests="1" failures="0" timestamp="07 Jul 2017 05:37:12 GMT" time="3.811" errors="0">
  <testcase name="TestB_user_invalid_login_check" time="3.811" classname="NATgeo.mygeo.Test1"/>
</testsuite> <!-- NATgeo.mygeo.Test1 -->
