<?xml version="1.0" encoding="UTF-8"?>
<!-- Generated by org.testng.reporters.JUnitReportReporter -->
<testsuite skipped="0" hostname="asda1712po02529" name="Tests.NGL.Login.LoginTest" tests="3" failures="0" timestamp="01 Aug 2017 04:55:56 GMT" time="8.617" errors="0">
  <testcase name="TestB_user_login_check" time="1.652" classname="Tests.NGL.Login.LoginTest"/>
  <testcase name="TestA_user_invalid_login_check" time="4.522" classname="Tests.NGL.Login.LoginTest"/>
  <testcase name="TestC_user_logout_check" time="2.443" classname="Tests.NGL.Login.LoginTest"/>
</testsuite> <!-- Tests.NGL.Login.LoginTest -->
