<?xml version="1.0" encoding="UTF-8"?>
<!-- Generated by org.testng.reporters.JUnitReportReporter -->
<testsuite skipped="0" hostname="USER-PC" name="Tests.Google_Get_Access.GetAccessKey" tests="1" failures="0" timestamp="22 Jul 2017 19:30:32 GMT" time="16.431" errors="0">
  <testcase name="fetch_accesstoken" time="16.431" classname="Tests.Google_Get_Access.GetAccessKey"/>
</testsuite> <!-- Tests.Google_Get_Access.GetAccessKey -->
