<?xml version="1.0" encoding="UTF-8"?>
<!-- Generated by org.testng.reporters.JUnitReportReporter -->
<testsuite skipped="0" hostname="asda1712po02529" name="Tests.Login.Login_Test" tests="3" failures="0" timestamp="17 Jul 2017 06:26:23 GMT" time="11.582" errors="0">
  <testcase name="TestA_user_invalid_login_check" time="6.877" classname="Tests.Login.Login_Test"/>
  <testcase name="TestC_user_logout_check" time="2.132" classname="Tests.Login.Login_Test"/>
  <testcase name="TestB_user_login_check" time="2.573" classname="Tests.Login.Login_Test"/>
</testsuite> <!-- Tests.Login.Login_Test -->
