<?xml version="1.0" encoding="UTF-8"?>
<!-- Generated by org.testng.reporters.JUnitReportReporter -->
<testsuite skipped="0" hostname="asda1712po02529" name="Tests.TesttheFlow.TesttheFlow" tests="10" failures="0" timestamp="17 Jul 2017 07:00:48 GMT" time="0.012" errors="0">
  <testcase name="test1" time="0.001" classname="Tests.TesttheFlow.TesttheFlow"/>
  <testcase name="test6" time="0.001" classname="Tests.TesttheFlow.TesttheFlow"/>
  <testcase name="print" time="0.002" classname="Tests.TesttheFlow.TesttheFlow"/>
  <testcase name="test4" time="0.000" classname="Tests.TesttheFlow.TesttheFlow"/>
  <testcase name="test2" time="0.002" classname="Tests.TesttheFlow.TesttheFlow"/>
  <testcase name="test3" time="0.001" classname="Tests.TesttheFlow.TesttheFlow"/>
  <testcase name="test5" time="0.001" classname="Tests.TesttheFlow.TesttheFlow"/>
  <testcase name="test7" time="0.002" classname="Tests.TesttheFlow.TesttheFlow"/>
  <testcase name="test8" time="0.001" classname="Tests.TesttheFlow.TesttheFlow"/>
  <testcase name="test9" time="0.001" classname="Tests.TesttheFlow.TesttheFlow"/>
</testsuite> <!-- Tests.TesttheFlow.TesttheFlow -->
