<?xml version="1.0" encoding="UTF-8"?>
<!-- Generated by org.testng.reporters.JUnitReportReporter -->
<testsuite skipped="0" hostname="asda1712po02529" name="Tests.DataProviders.DataProviderT" tests="3" failures="0" timestamp="01 Aug 2017 04:50:16 GMT" time="0.012" errors="0">
  <testcase name="testMethod" time="0.001" classname="Tests.DataProviders.DataProviderT"/>
  <testcase name="testMethoa" time="0.002" classname="Tests.DataProviders.DataProviderT"/>
  <testcase name="testMethoa" time="0.009" classname="Tests.DataProviders.DataProviderT"/>
</testsuite> <!-- Tests.DataProviders.DataProviderT -->
