<?xml version="1.0" encoding="UTF-8"?>
<!-- Generated by org.testng.reporters.JUnitReportReporter -->
<testsuite skipped="0" hostname="asda1712po02529" name="Tests.Login.LoginTest" tests="3" failures="0" timestamp="28 Jul 2017 10:38:25 GMT" time="15.463" errors="0">
  <testcase name="TestA_user_invalid_login_check" time="5.368" classname="Tests.Login.LoginTest"/>
  <testcase name="TestB_user_login_check" time="2.690" classname="Tests.Login.LoginTest"/>
  <testcase name="TestC_user_logout_check" time="7.405" classname="Tests.Login.LoginTest"/>
</testsuite> <!-- Tests.Login.LoginTest -->
