<?xml version="1.0" encoding="UTF-8"?>
<!-- Generated by org.testng.reporters.JUnitReportReporter -->
<testsuite skipped="0" hostname="USER-PC" name="Tests.Login.LoginTest" tests="3" failures="0" timestamp="23 Jul 2017 14:15:37 GMT" time="53.049" errors="0">
  <testcase name="TestC_user_logout_check" time="6.754" classname="Tests.Login.LoginTest"/>
  <testcase name="TestB_user_login_check" time="20.194" classname="Tests.Login.LoginTest"/>
  <testcase name="TestA_user_invalid_login_check" time="26.101" classname="Tests.Login.LoginTest"/>
</testsuite> <!-- Tests.Login.LoginTest -->
