<?xml version="1.0" encoding="UTF-8"?>
<!-- Generated by org.testng.reporters.JUnitReportReporter -->
<testsuite skipped="0" hostname="USER-PC" name="Tests.Login.LoginTest" tests="3" failures="0" timestamp="17 Jul 2017 19:14:44 GMT" time="28.328" errors="0">
  <testcase name="TestA_user_invalid_login_check" time="15.765" classname="Tests.Login.LoginTest"/>
  <testcase name="TestC_user_logout_check" time="5.041" classname="Tests.Login.LoginTest"/>
  <testcase name="TestB_user_login_check" time="7.522" classname="Tests.Login.LoginTest"/>
</testsuite> <!-- Tests.Login.LoginTest -->
