<?xml version="1.0" encoding="UTF-8"?>
<!-- Generated by org.testng.reporters.JUnitReportReporter -->
<testsuite skipped="0" hostname="asda1712po02529" name="Tests.DataProviders.DataProviderT" tests="3" failures="0" timestamp="28 Jul 2017 10:48:45 GMT" time="0.018" errors="0">
  <testcase name="testMethod" time="0.001" classname="Tests.DataProviders.DataProviderT"/>
  <testcase name="testMethoa" time="0.016" classname="Tests.DataProviders.DataProviderT"/>
  <testcase name="testMethoa" time="0.001" classname="Tests.DataProviders.DataProviderT"/>
</testsuite> <!-- Tests.DataProviders.DataProviderT -->
