<?xml version="1.0" encoding="UTF-8"?>
<!-- Generated by org.testng.reporters.JUnitReportReporter -->
<testsuite skipped="0" hostname="asda1712po02529" name="Tests.tatoc.basic.Test1" tests="7" failures="0" timestamp="25 Jul 2017 13:01:39 GMT" time="7.874" errors="0">
  <testcase name="TestE_check_the_drag_and_drop_function" time="0.259" classname="Tests.tatoc.basic.Test1"/>
  <testcase name="TestA_test_the_green_box_function" time="3.011" classname="Tests.tatoc.basic.Test1"/>
  <testcase name="TestB_test_the_red_box_function" time="3.059" classname="Tests.tatoc.basic.Test1"/>
  <testcase name="TestC_test_matching_for_the_two_colour_boxes" time="0.494" classname="Tests.tatoc.basic.Test1"/>
  <testcase name="TestF_test_the_form_filling" time="0.463" classname="Tests.tatoc.basic.Test1"/>
  <testcase name="TestG_test_the_token_getting_cookie_setting" time="0.321" classname="Tests.tatoc.basic.Test1"/>
  <testcase name="TestD_test_the_wrong_drop_of_element" time="0.267" classname="Tests.tatoc.basic.Test1"/>
</testsuite> <!-- Tests.tatoc.basic.Test1 -->
