<?xml version="1.0" encoding="UTF-8"?>
<!-- Generated by org.testng.reporters.JUnitReportReporter -->
<testsuite skipped="0" hostname="asda1712po02529" name="NATgeo.mygeo.Test1" tests="3" failures="0" timestamp="10 Jul 2017 05:24:28 GMT" time="9.177" errors="0">
  <testcase name="TestA_user_invalid_login_check" time="4.825" classname="NATgeo.mygeo.Test1"/>
  <testcase name="TestC_user_logout_check" time="2.240" classname="NATgeo.mygeo.Test1"/>
  <testcase name="TestB_user_login_check" time="2.112" classname="NATgeo.mygeo.Test1"/>
</testsuite> <!-- NATgeo.mygeo.Test1 -->
