<?xml version="1.0" encoding="UTF-8"?>
<!-- Generated by org.testng.reporters.JUnitReportReporter -->
<testsuite skipped="0" hostname="asda1712po02529" name="Tests.Login.LoginTest" tests="3" failures="0" timestamp="17 Jul 2017 06:30:00 GMT" time="9.663" errors="0">
  <testcase name="TestC_user_logout_check" time="1.510" classname="Tests.Login.LoginTest"/>
  <testcase name="TestA_user_invalid_login_check" time="3.614" classname="Tests.Login.LoginTest"/>
  <testcase name="TestB_user_login_check" time="4.539" classname="Tests.Login.LoginTest"/>
</testsuite> <!-- Tests.Login.LoginTest -->
