<?xml version="1.0" encoding="UTF-8"?>
<!-- Generated by org.testng.reporters.JUnitReportReporter -->
<testsuite skipped="0" hostname="asda1712po02529" name="NATgeo.mygeo.Test1" tests="3" failures="0" timestamp="11 Jul 2017 06:58:34 GMT" time="7.351" errors="0">
  <testcase name="TestB_user_login_check" time="1.494" classname="NATgeo.mygeo.Test1"/>
  <testcase name="TestC_user_logout_check" time="1.764" classname="NATgeo.mygeo.Test1"/>
  <testcase name="TestA_user_invalid_login_check" time="4.093" classname="NATgeo.mygeo.Test1"/>
</testsuite> <!-- NATgeo.mygeo.Test1 -->
