<?xml version="1.0" encoding="UTF-8"?>
<!-- Generated by org.testng.reporters.JUnitReportReporter -->
<testsuite skipped="0" hostname="asda1712po02529" name="NATgeo.mygeo.TesttheFlow" tests="9" failures="0" timestamp="10 Jul 2017 05:31:04 GMT" time="0.000" errors="0">
  <testcase name="test1" time="0.000" classname="NATgeo.mygeo.TesttheFlow"/>
  <testcase name="test6" time="0.000" classname="NATgeo.mygeo.TesttheFlow"/>
  <testcase name="test3" time="0.000" classname="NATgeo.mygeo.TesttheFlow"/>
  <testcase name="test5" time="0.000" classname="NATgeo.mygeo.TesttheFlow"/>
  <testcase name="test4" time="0.000" classname="NATgeo.mygeo.TesttheFlow"/>
  <testcase name="test2" time="0.000" classname="NATgeo.mygeo.TesttheFlow"/>
  <testcase name="test7" time="0.000" classname="NATgeo.mygeo.TesttheFlow"/>
  <testcase name="test8" time="0.000" classname="NATgeo.mygeo.TesttheFlow"/>
  <testcase name="test9" time="0.000" classname="NATgeo.mygeo.TesttheFlow"/>
</testsuite> <!-- NATgeo.mygeo.TesttheFlow -->
