<?xml version="1.0" encoding="UTF-8"?>
<!-- Generated by org.testng.reporters.JUnitReportReporter -->
<testsuite skipped="0" hostname="asda1712po02529" name="Tests.Login.TesttheFlow" tests="9" failures="0" timestamp="17 Jul 2017 06:30:00 GMT" time="0.002" errors="0">
  <testcase name="test5" time="0.000" classname="Tests.Login.TesttheFlow"/>
  <testcase name="test4" time="0.001" classname="Tests.Login.TesttheFlow"/>
  <testcase name="test3" time="0.000" classname="Tests.Login.TesttheFlow"/>
  <testcase name="test1" time="0.000" classname="Tests.Login.TesttheFlow"/>
  <testcase name="test2" time="0.000" classname="Tests.Login.TesttheFlow"/>
  <testcase name="test6" time="0.000" classname="Tests.Login.TesttheFlow"/>
  <testcase name="test7" time="0.000" classname="Tests.Login.TesttheFlow"/>
  <testcase name="test8" time="0.000" classname="Tests.Login.TesttheFlow"/>
  <testcase name="test9" time="0.001" classname="Tests.Login.TesttheFlow"/>
</testsuite> <!-- Tests.Login.TesttheFlow -->
