<?xml version="1.0" encoding="UTF-8"?>
<!-- Generated by org.testng.reporters.JUnitReportReporter -->
<testsuite skipped="0" hostname="asda1712po02529" name="Tests.Login.LoginTest" tests="3" failures="0" timestamp="19 Jul 2017 11:00:56 GMT" time="11.141" errors="0">
  <testcase name="TestC_user_logout_check" time="1.721" classname="Tests.Login.LoginTest"/>
  <testcase name="TestA_user_invalid_login_check" time="7.331" classname="Tests.Login.LoginTest"/>
  <testcase name="TestB_user_login_check" time="2.089" classname="Tests.Login.LoginTest"/>
</testsuite> <!-- Tests.Login.LoginTest -->
