<?xml version="1.0" encoding="UTF-8"?>
<!-- Generated by org.testng.reporters.JUnitReportReporter -->
<testsuite skipped="0" hostname="asda1712po02529" name="Tests.Login.Test1" tests="3" failures="0" timestamp="17 Jul 2017 06:01:16 GMT" time="21.217" errors="0">
  <testcase name="TestA_user_invalid_login_check" time="17.755" classname="Tests.Login.Test1"/>
  <testcase name="TestB_user_login_check" time="1.823" classname="Tests.Login.Test1"/>
  <testcase name="TestC_user_logout_check" time="1.639" classname="Tests.Login.Test1"/>
</testsuite> <!-- Tests.Login.Test1 -->
